  Level.cpp
C:\Users\higta\OneDrive\Desktop\Games Programming work\Github\CU4012-2nd-Coursework-Game\CU4012-SFML\Level.cpp(40,57): warning C4244: 'argument': conversion from 'T' to 'float', possible loss of data
          with
          [
              T=unsigned int
          ]
C:\Users\higta\OneDrive\Desktop\Games Programming work\Github\CU4012-2nd-Coursework-Game\CU4012-SFML\Level.cpp(86,77): warning C4244: 'argument': conversion from 'T' to 'T', possible loss of data
          with
          [
              T=unsigned int
          ]
          and
          [
              T=float
          ]
C:\Users\higta\OneDrive\Desktop\Games Programming work\Github\CU4012-2nd-Coursework-Game\CU4012-SFML\Level.cpp(86,56): warning C4244: 'argument': conversion from 'T' to 'T', possible loss of data
          with
          [
              T=unsigned int
          ]
          and
          [
              T=float
          ]
C:\Users\higta\OneDrive\Desktop\Games Programming work\Github\CU4012-2nd-Coursework-Game\CU4012-SFML\Level.cpp(136,77): warning C4244: 'argument': conversion from 'T' to 'T', possible loss of data
          with
          [
              T=unsigned int
          ]
          and
          [
              T=float
          ]
C:\Users\higta\OneDrive\Desktop\Games Programming work\Github\CU4012-2nd-Coursework-Game\CU4012-SFML\Level.cpp(136,56): warning C4244: 'argument': conversion from 'T' to 'T', possible loss of data
          with
          [
              T=unsigned int
          ]
          and
          [
              T=float
          ]
C:\Users\higta\OneDrive\Desktop\Games Programming work\Github\CU4012-2nd-Coursework-Game\CU4012-SFML\Level.cpp(266,77): warning C4244: 'argument': conversion from 'T' to 'T', possible loss of data
          with
          [
              T=unsigned int
          ]
          and
          [
              T=float
          ]
C:\Users\higta\OneDrive\Desktop\Games Programming work\Github\CU4012-2nd-Coursework-Game\CU4012-SFML\Level.cpp(266,56): warning C4244: 'argument': conversion from 'T' to 'T', possible loss of data
          with
          [
              T=unsigned int
          ]
          and
          [
              T=float
          ]
  CU4012-SFML.vcxproj -> C:\Users\higta\OneDrive\Desktop\Games Programming work\Github\CU4012-2nd-Coursework-Game\x64\Debug\CU4012-SFML.exe
